<?xml version="1.0" encoding="UTF-8"?>
<!-- Generated by org.testng.reporters.JUnitReportReporter -->
<testsuite hostname="Trollet" name="com.AutotestSpotify.TestSpotify" tests="1" failures="0" timestamp="15 Apr 2014 13:22:09 GMT" time="55.281" errors="0">
  <testcase name="SearchArtist" time="55.281" classname="com.AutotestSpotify.TestSpotify"/>
</testsuite> <!-- com.AutotestSpotify.TestSpotify -->
