<?xml version="1.0" encoding="UTF-8"?>
<!-- Generated by org.testng.reporters.JUnitReportReporter -->
<testsuite hostname="Trollet" name="com.AutotestSpotify.TestSpotify" tests="2" failures="0" timestamp="15 Apr 2014 09:42:18 GMT" time="92.723" errors="0">
  <testcase name="InValidUser" time="37.846" classname="com.AutotestSpotify.TestSpotify"/>
  <testcase name="SearchTrack" time="54.877" classname="com.AutotestSpotify.TestSpotify"/>
</testsuite> <!-- com.AutotestSpotify.TestSpotify -->
